This file contains any messages produced by compilers while
running configure, to aid debugging if configure makes a mistake.

It was created by xboard configure 4.9.1, which was
generated by GNU Autoconf 2.69.  Invocation command line was

  $ ./configure --no-create --no-recursion

## --------- ##
## Platform. ##
## --------- ##

hostname = codomat
uname -m = x86_64
uname -r = 6.1.0-41-amd64
uname -s = Linux
uname -v = #1 SMP PREEMPT_DYNAMIC Debian 6.1.158-1 (2025-11-09)

/usr/bin/uname -p = unknown
/bin/uname -X     = unknown

/bin/arch              = x86_64
/usr/bin/arch -k       = unknown
/usr/convex/getsysinfo = unknown
/usr/bin/hostinfo      = unknown
/bin/machine           = unknown
/usr/bin/oslevel       = unknown
/bin/universe          = unknown

PATH: /home/am/bin
PATH: /usr/local/bin
PATH: /usr/bin
PATH: /bin
PATH: /usr/local/games
PATH: /usr/games


## ----------- ##
## Core tests. ##
## ----------- ##

configure:2339: checking for a BSD-compatible install
configure:2407: result: /usr/bin/install -c
configure:2418: checking whether build environment is sane
configure:2473: result: yes
configure:2624: checking for a thread-safe mkdir -p
configure:2663: result: /usr/bin/mkdir -p
configure:2670: checking for gawk
configure:2700: result: no
configure:2670: checking for mawk
configure:2686: found /usr/bin/mawk
configure:2697: result: mawk
configure:2708: checking whether make sets $(MAKE)
configure:2730: result: yes
configure:2759: checking whether make supports nested variables
configure:2776: result: yes
configure:2913: checking whether make supports nested variables
configure:2930: result: yes
configure:3020: checking for gcc
configure:3036: found /usr/bin/gcc
configure:3047: result: gcc
configure:3276: checking for C compiler version
configure:3285: gcc --version >&5
gcc (Debian 12.2.0-14+deb12u1) 12.2.0
Copyright (C) 2022 Free Software Foundation, Inc.
This is free software; see the source for copying conditions.  There is NO
warranty; not even for MERCHANTABILITY or FITNESS FOR A PARTICULAR PURPOSE.

configure:3296: $? = 0
configure:3285: gcc -v >&5
Using built-in specs.
COLLECT_GCC=gcc
COLLECT_LTO_WRAPPER=/usr/lib/gcc/x86_64-linux-gnu/12/lto-wrapper
OFFLOAD_TARGET_NAMES=nvptx-none:amdgcn-amdhsa
OFFLOAD_TARGET_DEFAULT=1
Target: x86_64-linux-gnu
Configured with: ../src/configure -v --with-pkgversion='Debian 12.2.0-14+deb12u1' --with-bugurl=file:///usr/share/doc/gcc-12/README.Bugs --enable-languages=c,ada,c++,go,d,fortran,objc,obj-c++,m2 --prefix=/usr --with-gcc-major-version-only --program-suffix=-12 --program-prefix=x86_64-linux-gnu- --enable-shared --enable-linker-build-id --libexecdir=/usr/lib --without-included-gettext --enable-threads=posix --libdir=/usr/lib --enable-nls --enable-clocale=gnu --enable-libstdcxx-debug --enable-libstdcxx-time=yes --with-default-libstdcxx-abi=new --enable-gnu-unique-object --disable-vtable-verify --enable-plugin --enable-default-pie --with-system-zlib --enable-libphobos-checking=release --with-target-system-zlib=auto --enable-objc-gc=auto --enable-multiarch --disable-werror --enable-cet --with-arch-32=i686 --with-abi=m64 --with-multilib-list=m32,m64,mx32 --enable-multilib --with-tune=generic --enable-offload-targets=nvptx-none=/build/reproducible-path/gcc-12-12.2.0/debian/tmp-nvptx/usr,amdgcn-amdhsa=/build/reproducible-path/gcc-12-12.2.0/debian/tmp-gcn/usr --enable-offload-defaulted --without-cuda-driver --enable-checking=release --build=x86_64-linux-gnu --host=x86_64-linux-gnu --target=x86_64-linux-gnu
Thread model: posix
Supported LTO compression algorithms: zlib zstd
gcc version 12.2.0 (Debian 12.2.0-14+deb12u1) 
... rest of stderr output deleted ...
configure:3296: $? = 0
configure:3285: gcc -V >&5
gcc: error: unrecognized command-line option '-V'
gcc: fatal error: no input files
compilation terminated.
configure:3296: $? = 1
configure:3285: gcc -qversion >&5
gcc: error: unrecognized command-line option '-qversion'; did you mean '--version'?
gcc: fatal error: no input files
compilation terminated.
configure:3296: $? = 1
configure:3316: checking whether the C compiler works
configure:3338: gcc     conftest.c  >&5
configure:3342: $? = 0
configure:3390: result: yes
configure:3393: checking for C compiler default output file name
configure:3395: result: a.out
configure:3401: checking for suffix of executables
configure:3408: gcc -o conftest     conftest.c  >&5
configure:3412: $? = 0
configure:3434: result: 
configure:3456: checking whether we are cross compiling
configure:3464: gcc -o conftest     conftest.c  >&5
configure:3468: $? = 0
configure:3475: ./conftest
configure:3479: $? = 0
configure:3494: result: no
configure:3499: checking for suffix of object files
configure:3521: gcc -c    conftest.c >&5
configure:3525: $? = 0
configure:3546: result: o
configure:3550: checking whether we are using the GNU C compiler
configure:3569: gcc -c    conftest.c >&5
configure:3569: $? = 0
configure:3578: result: yes
configure:3587: checking whether gcc accepts -g
configure:3607: gcc -c -g  conftest.c >&5
configure:3607: $? = 0
configure:3648: result: yes
configure:3665: checking for gcc option to accept ISO C89
configure:3728: gcc  -c    conftest.c >&5
configure:3728: $? = 0
configure:3741: result: none needed
configure:3766: checking whether gcc understands -c and -o together
configure:3788: gcc -c conftest.c -o conftest2.o
configure:3791: $? = 0
configure:3788: gcc -c conftest.c -o conftest2.o
configure:3791: $? = 0
configure:3803: result: yes
configure:3831: checking for style of include used by make
configure:3859: result: GNU
configure:3885: checking dependency style of gcc
configure:3996: result: gcc3
configure:4019: checking how to run the C preprocessor
configure:4050: gcc -E  conftest.c
configure:4050: $? = 0
configure:4064: gcc -E  conftest.c
conftest.c:11:10: fatal error: ac_nonexistent.h: No such file or directory
   11 | #include <ac_nonexistent.h>
      |          ^~~~~~~~~~~~~~~~~~
compilation terminated.
configure:4064: $? = 1
configure: failed program was:
| /* confdefs.h */
| #define PACKAGE_NAME "xboard"
| #define PACKAGE_TARNAME "xboard"
| #define PACKAGE_VERSION "4.9.1"
| #define PACKAGE_STRING "xboard 4.9.1"
| #define PACKAGE_BUGREPORT "bug-xboard@gnu.org"
| #define PACKAGE_URL ""
| #define PACKAGE "xboard"
| #define VERSION "4.9.1"
| /* end confdefs.h.  */
| #include <ac_nonexistent.h>
configure:4089: result: gcc -E
configure:4109: gcc -E  conftest.c
configure:4109: $? = 0
configure:4123: gcc -E  conftest.c
conftest.c:11:10: fatal error: ac_nonexistent.h: No such file or directory
   11 | #include <ac_nonexistent.h>
      |          ^~~~~~~~~~~~~~~~~~
compilation terminated.
configure:4123: $? = 1
configure: failed program was:
| /* confdefs.h */
| #define PACKAGE_NAME "xboard"
| #define PACKAGE_TARNAME "xboard"
| #define PACKAGE_VERSION "4.9.1"
| #define PACKAGE_STRING "xboard 4.9.1"
| #define PACKAGE_BUGREPORT "bug-xboard@gnu.org"
| #define PACKAGE_URL ""
| #define PACKAGE "xboard"
| #define VERSION "4.9.1"
| /* end confdefs.h.  */
| #include <ac_nonexistent.h>
configure:4152: checking for library containing strerror
configure:4183: gcc -o conftest     conftest.c  >&5
configure:4183: $? = 0
configure:4200: result: none required
configure:4219: checking whether NLS is requested
configure:4228: result: yes
configure:4269: checking for msgfmt
configure: trying /usr/bin/msgfmt...
0 translated messages.
configure:4301: result: /usr/bin/msgfmt
configure:4310: checking for gmsgfmt
configure:4341: result: /usr/bin/msgfmt
configure:4392: checking for xgettext
configure: trying /usr/bin/xgettext...
/usr/bin/xgettext: warning: file '/dev/null' extension '' is unknown; will try C
configure:4424: result: /usr/bin/xgettext
configure:4470: checking for msgmerge
configure: trying /usr/bin/msgmerge...
configure:4501: result: /usr/bin/msgmerge
configure:4538: checking build system type
configure:4552: result: x86_64-unknown-linux-gnu
configure:4572: checking host system type
configure:4585: result: x86_64-unknown-linux-gnu
configure:4629: checking for ld used by GCC
configure:4693: result: /usr/bin/ld
configure:4700: checking if the linker (/usr/bin/ld) is GNU ld
configure:4713: result: yes
configure:4720: checking for shared library run path origin
configure:4733: result: done
configure:5234: checking for CFPreferencesCopyAppValue
configure:5252: gcc -o conftest     conftest.c  -Wl,-framework -Wl,CoreFoundation >&5
conftest.c:11:10: fatal error: CoreFoundation/CFPreferences.h: No such file or directory
   11 | #include <CoreFoundation/CFPreferences.h>
      |          ^~~~~~~~~~~~~~~~~~~~~~~~~~~~~~~~
compilation terminated.
configure:5252: $? = 1
configure: failed program was:
| /* confdefs.h */
| #define PACKAGE_NAME "xboard"
| #define PACKAGE_TARNAME "xboard"
| #define PACKAGE_VERSION "4.9.1"
| #define PACKAGE_STRING "xboard 4.9.1"
| #define PACKAGE_BUGREPORT "bug-xboard@gnu.org"
| #define PACKAGE_URL ""
| #define PACKAGE "xboard"
| #define VERSION "4.9.1"
| /* end confdefs.h.  */
| #include <CoreFoundation/CFPreferences.h>
| int
| main ()
| {
| CFPreferencesCopyAppValue(NULL, NULL)
|   ;
|   return 0;
| }
configure:5261: result: no
configure:5268: checking for CFLocaleCopyCurrent
configure:5286: gcc -o conftest     conftest.c  -Wl,-framework -Wl,CoreFoundation >&5
conftest.c:11:10: fatal error: CoreFoundation/CFLocale.h: No such file or directory
   11 | #include <CoreFoundation/CFLocale.h>
      |          ^~~~~~~~~~~~~~~~~~~~~~~~~~~
compilation terminated.
configure:5286: $? = 1
configure: failed program was:
| /* confdefs.h */
| #define PACKAGE_NAME "xboard"
| #define PACKAGE_TARNAME "xboard"
| #define PACKAGE_VERSION "4.9.1"
| #define PACKAGE_STRING "xboard 4.9.1"
| #define PACKAGE_BUGREPORT "bug-xboard@gnu.org"
| #define PACKAGE_URL ""
| #define PACKAGE "xboard"
| #define VERSION "4.9.1"
| /* end confdefs.h.  */
| #include <CoreFoundation/CFLocale.h>
| int
| main ()
| {
| CFLocaleCopyCurrent();
|   ;
|   return 0;
| }
configure:5295: result: no
configure:5344: checking for GNU gettext in libc
configure:5364: gcc -o conftest     conftest.c  >&5
configure:5364: $? = 0
configure:5373: result: yes
configure:6119: checking whether to use NLS
configure:6121: result: yes
configure:6124: checking where the gettext function comes from
configure:6135: result: libc
configure:6197: checking for remsh
configure:6227: result: no
configure:6197: checking for rsh
configure:6227: result: no
configure:6240: checking for makeinfo
configure:6256: found /usr/bin/makeinfo
configure:6267: result: makeinfo
configure:6289: checking for nroff
configure:6305: found /usr/bin/nroff
configure:6317: result: nroff -man
configure:6330: checking for awk
configure:6348: found /usr/bin/awk
configure:6360: result: /usr/bin/awk
configure:6375: checking for perl
configure:6393: found /usr/bin/perl
configure:6405: result: /usr/bin/perl
configure:6418: checking for grep that handles long lines and -e
configure:6476: result: /usr/bin/grep
configure:6481: checking for egrep
configure:6543: result: /usr/bin/grep -E
configure:6548: checking for ANSI C header files
configure:6568: gcc -c    conftest.c >&5
configure:6568: $? = 0
configure:6641: gcc -o conftest     conftest.c  >&5
configure:6641: $? = 0
configure:6641: ./conftest
configure:6641: $? = 0
configure:6652: result: yes
configure:6660: checking whether time.h and sys/time.h may both be included
configure:6680: gcc -c    conftest.c >&5
configure:6680: $? = 0
configure:6687: result: yes
configure:6695: checking for sys/wait.h that is POSIX.1 compatible
configure:6721: gcc -c    conftest.c >&5
configure:6721: $? = 0
configure:6728: result: yes
configure:6739: checking for dirent.h that defines DIR
configure:6758: gcc -c    conftest.c >&5
configure:6758: $? = 0
configure:6766: result: yes
configure:6779: checking for library containing opendir
configure:6810: gcc -o conftest     conftest.c  >&5
configure:6810: $? = 0
configure:6827: result: none required
configure:6894: checking return type of signal handlers
configure:6912: gcc -c    conftest.c >&5
conftest.c: In function 'main':
conftest.c:25:10: error: void value not ignored as it ought to be
   25 | return *(signal (0, 0)) (0) == 1;
      |         ~^~~~~~~~~~~~~~~~~~
configure:6912: $? = 1
configure: failed program was:
| /* confdefs.h */
| #define PACKAGE_NAME "xboard"
| #define PACKAGE_TARNAME "xboard"
| #define PACKAGE_VERSION "4.9.1"
| #define PACKAGE_STRING "xboard 4.9.1"
| #define PACKAGE_BUGREPORT "bug-xboard@gnu.org"
| #define PACKAGE_URL ""
| #define PACKAGE "xboard"
| #define VERSION "4.9.1"
| #define ENABLE_NLS 1
| #define HAVE_GETTEXT 1
| #define HAVE_DCGETTEXT 1
| #define REMOTE_SHELL "rsh"
| #define STDC_HEADERS 1
| #define TIME_WITH_SYS_TIME 1
| #define HAVE_SYS_WAIT_H 1
| #define HAVE_DIRENT_H 1
| /* end confdefs.h.  */
| #include <sys/types.h>
| #include <signal.h>
| 
| int
| main ()
| {
| return *(signal (0, 0)) (0) == 1;
|   ;
|   return 0;
| }
configure:6919: result: void
configure:6932: checking for sys/types.h
configure:6932: gcc -c    conftest.c >&5
configure:6932: $? = 0
configure:6932: result: yes
configure:6932: checking for sys/stat.h
configure:6932: gcc -c    conftest.c >&5
configure:6932: $? = 0
configure:6932: result: yes
configure:6932: checking for stdlib.h
configure:6932: gcc -c    conftest.c >&5
configure:6932: $? = 0
configure:6932: result: yes
configure:6932: checking for string.h
configure:6932: gcc -c    conftest.c >&5
configure:6932: $? = 0
configure:6932: result: yes
configure:6932: checking for memory.h
configure:6932: gcc -c    conftest.c >&5
configure:6932: $? = 0
configure:6932: result: yes
configure:6932: checking for strings.h
configure:6932: gcc -c    conftest.c >&5
configure:6932: $? = 0
configure:6932: result: yes
configure:6932: checking for inttypes.h
configure:6932: gcc -c    conftest.c >&5
configure:6932: $? = 0
configure:6932: result: yes
configure:6932: checking for stdint.h
configure:6932: gcc -c    conftest.c >&5
configure:6932: $? = 0
configure:6932: result: yes
configure:6932: checking for unistd.h
configure:6932: gcc -c    conftest.c >&5
configure:6932: $? = 0
configure:6932: result: yes
configure:6947: checking stropts.h usability
configure:6947: gcc -c    conftest.c >&5
conftest.c:62:10: fatal error: stropts.h: No such file or directory
   62 | #include <stropts.h>
      |          ^~~~~~~~~~~
compilation terminated.
configure:6947: $? = 1
configure: failed program was:
| /* confdefs.h */
| #define PACKAGE_NAME "xboard"
| #define PACKAGE_TARNAME "xboard"
| #define PACKAGE_VERSION "4.9.1"
| #define PACKAGE_STRING "xboard 4.9.1"
| #define PACKAGE_BUGREPORT "bug-xboard@gnu.org"
| #define PACKAGE_URL ""
| #define PACKAGE "xboard"
| #define VERSION "4.9.1"
| #define ENABLE_NLS 1
| #define HAVE_GETTEXT 1
| #define HAVE_DCGETTEXT 1
| #define REMOTE_SHELL "rsh"
| #define STDC_HEADERS 1
| #define TIME_WITH_SYS_TIME 1
| #define HAVE_SYS_WAIT_H 1
| #define HAVE_DIRENT_H 1
| #define RETSIGTYPE void
| #define HAVE_SYS_TYPES_H 1
| #define HAVE_SYS_STAT_H 1
| #define HAVE_STDLIB_H 1
| #define HAVE_STRING_H 1
| #define HAVE_MEMORY_H 1
| #define HAVE_STRINGS_H 1
| #define HAVE_INTTYPES_H 1
| #define HAVE_STDINT_H 1
| #define HAVE_UNISTD_H 1
| /* end confdefs.h.  */
| #include <stdio.h>
| #ifdef HAVE_SYS_TYPES_H
| # include <sys/types.h>
| #endif
| #ifdef HAVE_SYS_STAT_H
| # include <sys/stat.h>
| #endif
| #ifdef STDC_HEADERS
| # include <stdlib.h>
| # include <stddef.h>
| #else
| # ifdef HAVE_STDLIB_H
| #  include <stdlib.h>
| # endif
| #endif
| #ifdef HAVE_STRING_H
| # if !defined STDC_HEADERS && defined HAVE_MEMORY_H
| #  include <memory.h>
| # endif
| # include <string.h>
| #endif
| #ifdef HAVE_STRINGS_H
| # include <strings.h>
| #endif
| #ifdef HAVE_INTTYPES_H
| # include <inttypes.h>
| #endif
| #ifdef HAVE_STDINT_H
| # include <stdint.h>
| #endif
| #ifdef HAVE_UNISTD_H
| # include <unistd.h>
| #endif
| #include <stropts.h>
configure:6947: result: no
configure:6947: checking stropts.h presence
configure:6947: gcc -E  conftest.c
conftest.c:29:10: fatal error: stropts.h: No such file or directory
   29 | #include <stropts.h>
      |          ^~~~~~~~~~~
compilation terminated.
configure:6947: $? = 1
configure: failed program was:
| /* confdefs.h */
| #define PACKAGE_NAME "xboard"
| #define PACKAGE_TARNAME "xboard"
| #define PACKAGE_VERSION "4.9.1"
| #define PACKAGE_STRING "xboard 4.9.1"
| #define PACKAGE_BUGREPORT "bug-xboard@gnu.org"
| #define PACKAGE_URL ""
| #define PACKAGE "xboard"
| #define VERSION "4.9.1"
| #define ENABLE_NLS 1
| #define HAVE_GETTEXT 1
| #define HAVE_DCGETTEXT 1
| #define REMOTE_SHELL "rsh"
| #define STDC_HEADERS 1
| #define TIME_WITH_SYS_TIME 1
| #define HAVE_SYS_WAIT_H 1
| #define HAVE_DIRENT_H 1
| #define RETSIGTYPE void
| #define HAVE_SYS_TYPES_H 1
| #define HAVE_SYS_STAT_H 1
| #define HAVE_STDLIB_H 1
| #define HAVE_STRING_H 1
| #define HAVE_MEMORY_H 1
| #define HAVE_STRINGS_H 1
| #define HAVE_INTTYPES_H 1
| #define HAVE_STDINT_H 1
| #define HAVE_UNISTD_H 1
| /* end confdefs.h.  */
| #include <stropts.h>
configure:6947: result: no
configure:6947: checking for stropts.h
configure:6947: result: no
configure:6947: checking sys/time.h usability
configure:6947: gcc -c    conftest.c >&5
configure:6947: $? = 0
configure:6947: result: yes
configure:6947: checking sys/time.h presence
configure:6947: gcc -E  conftest.c
configure:6947: $? = 0
configure:6947: result: yes
configure:6947: checking for sys/time.h
configure:6947: result: yes
configure:6947: checking for string.h
configure:6947: result: yes
configure:6947: checking for unistd.h
configure:6947: result: yes
configure:6947: checking sys/systeminfo.h usability
configure:6947: gcc -c    conftest.c >&5
conftest.c:65:10: fatal error: sys/systeminfo.h: No such file or directory
   65 | #include <sys/systeminfo.h>
      |          ^~~~~~~~~~~~~~~~~~
compilation terminated.
configure:6947: $? = 1
configure: failed program was:
| /* confdefs.h */
| #define PACKAGE_NAME "xboard"
| #define PACKAGE_TARNAME "xboard"
| #define PACKAGE_VERSION "4.9.1"
| #define PACKAGE_STRING "xboard 4.9.1"
| #define PACKAGE_BUGREPORT "bug-xboard@gnu.org"
| #define PACKAGE_URL ""
| #define PACKAGE "xboard"
| #define VERSION "4.9.1"
| #define ENABLE_NLS 1
| #define HAVE_GETTEXT 1
| #define HAVE_DCGETTEXT 1
| #define REMOTE_SHELL "rsh"
| #define STDC_HEADERS 1
| #define TIME_WITH_SYS_TIME 1
| #define HAVE_SYS_WAIT_H 1
| #define HAVE_DIRENT_H 1
| #define RETSIGTYPE void
| #define HAVE_SYS_TYPES_H 1
| #define HAVE_SYS_STAT_H 1
| #define HAVE_STDLIB_H 1
| #define HAVE_STRING_H 1
| #define HAVE_MEMORY_H 1
| #define HAVE_STRINGS_H 1
| #define HAVE_INTTYPES_H 1
| #define HAVE_STDINT_H 1
| #define HAVE_UNISTD_H 1
| #define HAVE_SYS_TIME_H 1
| #define HAVE_STRING_H 1
| #define HAVE_UNISTD_H 1
| /* end confdefs.h.  */
| #include <stdio.h>
| #ifdef HAVE_SYS_TYPES_H
| # include <sys/types.h>
| #endif
| #ifdef HAVE_SYS_STAT_H
| # include <sys/stat.h>
| #endif
| #ifdef STDC_HEADERS
| # include <stdlib.h>
| # include <stddef.h>
| #else
| # ifdef HAVE_STDLIB_H
| #  include <stdlib.h>
| # endif
| #endif
| #ifdef HAVE_STRING_H
| # if !defined STDC_HEADERS && defined HAVE_MEMORY_H
| #  include <memory.h>
| # endif
| # include <string.h>
| #endif
| #ifdef HAVE_STRINGS_H
| # include <strings.h>
| #endif
| #ifdef HAVE_INTTYPES_H
| # include <inttypes.h>
| #endif
| #ifdef HAVE_STDINT_H
| # include <stdint.h>
| #endif
| #ifdef HAVE_UNISTD_H
| # include <unistd.h>
| #endif
| #include <sys/systeminfo.h>
configure:6947: result: no
configure:6947: checking sys/systeminfo.h presence
configure:6947: gcc -E  conftest.c
conftest.c:32:10: fatal error: sys/systeminfo.h: No such file or directory
   32 | #include <sys/systeminfo.h>
      |          ^~~~~~~~~~~~~~~~~~
compilation terminated.
configure:6947: $? = 1
configure: failed program was:
| /* confdefs.h */
| #define PACKAGE_NAME "xboard"
| #define PACKAGE_TARNAME "xboard"
| #define PACKAGE_VERSION "4.9.1"
| #define PACKAGE_STRING "xboard 4.9.1"
| #define PACKAGE_BUGREPORT "bug-xboard@gnu.org"
| #define PACKAGE_URL ""
| #define PACKAGE "xboard"
| #define VERSION "4.9.1"
| #define ENABLE_NLS 1
| #define HAVE_GETTEXT 1
| #define HAVE_DCGETTEXT 1
| #define REMOTE_SHELL "rsh"
| #define STDC_HEADERS 1
| #define TIME_WITH_SYS_TIME 1
| #define HAVE_SYS_WAIT_H 1
| #define HAVE_DIRENT_H 1
| #define RETSIGTYPE void
| #define HAVE_SYS_TYPES_H 1
| #define HAVE_SYS_STAT_H 1
| #define HAVE_STDLIB_H 1
| #define HAVE_STRING_H 1
| #define HAVE_MEMORY_H 1
| #define HAVE_STRINGS_H 1
| #define HAVE_INTTYPES_H 1
| #define HAVE_STDINT_H 1
| #define HAVE_UNISTD_H 1
| #define HAVE_SYS_TIME_H 1
| #define HAVE_STRING_H 1
| #define HAVE_UNISTD_H 1
| /* end confdefs.h.  */
| #include <sys/systeminfo.h>
configure:6947: result: no
configure:6947: checking for sys/systeminfo.h
configure:6947: result: no
configure:6960: checking fcntl.h usability
configure:6960: gcc -c    conftest.c >&5
configure:6960: $? = 0
configure:6960: result: yes
configure:6960: checking fcntl.h presence
configure:6960: gcc -E  conftest.c
configure:6960: $? = 0
configure:6960: result: yes
configure:6960: checking for fcntl.h
configure:6960: result: yes
configure:6973: checking sys/socket.h usability
configure:6973: gcc -c    conftest.c >&5
configure:6973: $? = 0
configure:6973: result: yes
configure:6973: checking sys/socket.h presence
configure:6973: gcc -E  conftest.c
configure:6973: $? = 0
configure:6973: result: yes
configure:6973: checking for sys/socket.h
configure:6973: result: yes
configure:6983: checking stddef.h usability
configure:6983: gcc -c    conftest.c >&5
configure:6983: $? = 0
configure:6983: result: yes
configure:6983: checking stddef.h presence
configure:6983: gcc -E  conftest.c
configure:6983: $? = 0
configure:6983: result: yes
configure:6983: checking for stddef.h
configure:6983: result: yes
configure:6996: checking for _getpty
configure:6996: gcc -o conftest     conftest.c  >&5
/usr/bin/ld: /tmp/cclr7yJd.o: in function `main':
conftest.c:(.text+0xa): undefined reference to `_getpty'
collect2: error: ld returned 1 exit status
configure:6996: $? = 1
configure: failed program was:
| /* confdefs.h */
| #define PACKAGE_NAME "xboard"
| #define PACKAGE_TARNAME "xboard"
| #define PACKAGE_VERSION "4.9.1"
| #define PACKAGE_STRING "xboard 4.9.1"
| #define PACKAGE_BUGREPORT "bug-xboard@gnu.org"
| #define PACKAGE_URL ""
| #define PACKAGE "xboard"
| #define VERSION "4.9.1"
| #define ENABLE_NLS 1
| #define HAVE_GETTEXT 1
| #define HAVE_DCGETTEXT 1
| #define REMOTE_SHELL "rsh"
| #define STDC_HEADERS 1
| #define TIME_WITH_SYS_TIME 1
| #define HAVE_SYS_WAIT_H 1
| #define HAVE_DIRENT_H 1
| #define RETSIGTYPE void
| #define HAVE_SYS_TYPES_H 1
| #define HAVE_SYS_STAT_H 1
| #define HAVE_STDLIB_H 1
| #define HAVE_STRING_H 1
| #define HAVE_MEMORY_H 1
| #define HAVE_STRINGS_H 1
| #define HAVE_INTTYPES_H 1
| #define HAVE_STDINT_H 1
| #define HAVE_UNISTD_H 1
| #define HAVE_SYS_TIME_H 1
| #define HAVE_STRING_H 1
| #define HAVE_UNISTD_H 1
| #define HAVE_FCNTL_H 1
| #define HAVE_SYS_SOCKET_H 1
| /* end confdefs.h.  */
| /* Define _getpty to an innocuous variant, in case <limits.h> declares _getpty.
|    For example, HP-UX 11i <limits.h> declares gettimeofday.  */
| #define _getpty innocuous__getpty
| 
| /* System header to define __stub macros and hopefully few prototypes,
|     which can conflict with char _getpty (); below.
|     Prefer <limits.h> to <assert.h> if __STDC__ is defined, since
|     <limits.h> exists even on freestanding compilers.  */
| 
| #ifdef __STDC__
| # include <limits.h>
| #else
| # include <assert.h>
| #endif
| 
| #undef _getpty
| 
| /* Override any GCC internal prototype to avoid an error.
|    Use char because int might match the return type of a GCC
|    builtin and then its argument prototype would still apply.  */
| #ifdef __cplusplus
| extern "C"
| #endif
| char _getpty ();
| /* The GNU C library defines this for functions which it implements
|     to always fail with ENOSYS.  Some functions are actually named
|     something starting with __ and the normal name is an alias.  */
| #if defined __stub__getpty || defined __stub____getpty
| choke me
| #endif
| 
| int
| main ()
| {
| return _getpty ();
|   ;
|   return 0;
| }
configure:6996: result: no
configure:6996: checking for grantpt
configure:6996: gcc -o conftest     conftest.c  >&5
configure:6996: $? = 0
configure:6996: result: yes
configure:6996: checking for setitimer
configure:6996: gcc -o conftest     conftest.c  >&5
configure:6996: $? = 0
configure:6996: result: yes
configure:6996: checking for usleep
configure:6996: gcc -o conftest     conftest.c  >&5
configure:6996: $? = 0
configure:6996: result: yes
configure:7008: checking for gettimeofday
configure:7008: gcc -o conftest     conftest.c  >&5
configure:7008: $? = 0
configure:7008: result: yes
configure:7020: checking for random
configure:7020: gcc -o conftest     conftest.c  >&5
configure:7020: $? = 0
configure:7020: result: yes
configure:7032: checking for gethostname
configure:7032: gcc -o conftest     conftest.c  >&5
configure:7032: $? = 0
configure:7032: result: yes
configure:7041: checking for setlocale
configure:7041: gcc -o conftest     conftest.c  >&5
configure:7041: $? = 0
configure:7041: result: yes
configure:7096: checking for getpseudotty in -lseq
configure:7121: gcc -o conftest     conftest.c -lseq   >&5
/usr/bin/ld: cannot find -lseq: No such file or directory
collect2: error: ld returned 1 exit status
configure:7121: $? = 1
configure: failed program was:
| /* confdefs.h */
| #define PACKAGE_NAME "xboard"
| #define PACKAGE_TARNAME "xboard"
| #define PACKAGE_VERSION "4.9.1"
| #define PACKAGE_STRING "xboard 4.9.1"
| #define PACKAGE_BUGREPORT "bug-xboard@gnu.org"
| #define PACKAGE_URL ""
| #define PACKAGE "xboard"
| #define VERSION "4.9.1"
| #define ENABLE_NLS 1
| #define HAVE_GETTEXT 1
| #define HAVE_DCGETTEXT 1
| #define REMOTE_SHELL "rsh"
| #define STDC_HEADERS 1
| #define TIME_WITH_SYS_TIME 1
| #define HAVE_SYS_WAIT_H 1
| #define HAVE_DIRENT_H 1
| #define RETSIGTYPE void
| #define HAVE_SYS_TYPES_H 1
| #define HAVE_SYS_STAT_H 1
| #define HAVE_STDLIB_H 1
| #define HAVE_STRING_H 1
| #define HAVE_MEMORY_H 1
| #define HAVE_STRINGS_H 1
| #define HAVE_INTTYPES_H 1
| #define HAVE_STDINT_H 1
| #define HAVE_UNISTD_H 1
| #define HAVE_SYS_TIME_H 1
| #define HAVE_STRING_H 1
| #define HAVE_UNISTD_H 1
| #define HAVE_FCNTL_H 1
| #define HAVE_SYS_SOCKET_H 1
| #define HAVE_GRANTPT 1
| #define HAVE_SETITIMER 1
| #define HAVE_USLEEP 1
| #define HAVE_GETTIMEOFDAY 1
| #define HAVE_RANDOM 1
| #define HAVE_GETHOSTNAME 1
| /* end confdefs.h.  */
| 
| /* Override any GCC internal prototype to avoid an error.
|    Use char because int might match the return type of a GCC
|    builtin and then its argument prototype would still apply.  */
| #ifdef __cplusplus
| extern "C"
| #endif
| char getpseudotty ();
| int
| main ()
| {
| return getpseudotty ();
|   ;
|   return 0;
| }
configure:7130: result: no
configure:7142: checking whether compiler understands -Wall -Wno-parentheses
configure:7157: gcc -c   -Wall -Wno-parentheses  conftest.c >&5
configure:7157: $? = 0
configure:7158: result: yes
configure:7171: checking for pkg-config
configure:7187: found /usr/bin/pkg-config
configure:7198: result: pkg-config
configure:7268: checking for pkg-config
configure:7286: found /usr/bin/pkg-config
configure:7298: result: /usr/bin/pkg-config
configure:7323: checking pkg-config is at least version 0.9.0
configure:7326: result: yes
configure:7336: checking for CAIRO
configure:7343: $PKG_CONFIG --exists --print-errors " cairo >= 1.2.0 pangocairo librsvg-2.0 >= 2.14.0 "
configure:7346: $? = 0
configure:7360: $PKG_CONFIG --exists --print-errors " cairo >= 1.2.0 pangocairo librsvg-2.0 >= 2.14.0 "
configure:7363: $? = 0
configure:7421: result: yes
configure:7572: checking for xdg-mime
configure:7590: found /usr/bin/xdg-mime
configure:7602: result: /usr/bin/xdg-mime
configure:7613: checking for xdg-desktop-menu
configure:7631: found /usr/bin/xdg-desktop-menu
configure:7643: result: /usr/bin/xdg-desktop-menu
configure:7654: checking for xdg-icon-resource
configure:7672: found /usr/bin/xdg-icon-resource
configure:7684: result: /usr/bin/xdg-icon-resource
configure:7704: checking for GTK
configure:7711: $PKG_CONFIG --exists --print-errors " gtk+-2.0 >= 2.16.0 gmodule-2.0 "
configure:7714: $? = 0
configure:7728: $PKG_CONFIG --exists --print-errors " gtk+-2.0 >= 2.16.0 gmodule-2.0 "
configure:7731: $? = 0
configure:7789: result: yes
configure:8818: checking whether ptys or pipes should be used
configure:8840: result: pipes
configure:9017: checking that generated files are newer than configure
configure:9023: result: done
configure:9070: creating ./config.status

## ---------------- ##
## Cache variables. ##
## ---------------- ##

ac_cv_build=x86_64-unknown-linux-gnu
ac_cv_c_compiler_gnu=yes
ac_cv_env_CAIRO_CFLAGS_set=
ac_cv_env_CAIRO_CFLAGS_value=
ac_cv_env_CAIRO_LIBS_set=
ac_cv_env_CAIRO_LIBS_value=
ac_cv_env_CC_set=
ac_cv_env_CC_value=
ac_cv_env_CFLAGS_set=
ac_cv_env_CFLAGS_value=
ac_cv_env_CPPFLAGS_set=
ac_cv_env_CPPFLAGS_value=
ac_cv_env_CPP_set=
ac_cv_env_CPP_value=
ac_cv_env_GTK_CFLAGS_set=
ac_cv_env_GTK_CFLAGS_value=
ac_cv_env_GTK_LIBS_set=
ac_cv_env_GTK_LIBS_value=
ac_cv_env_LDFLAGS_set=
ac_cv_env_LDFLAGS_value=
ac_cv_env_LIBS_set=
ac_cv_env_LIBS_value=
ac_cv_env_PKG_CONFIG_LIBDIR_set=
ac_cv_env_PKG_CONFIG_LIBDIR_value=
ac_cv_env_PKG_CONFIG_PATH_set=
ac_cv_env_PKG_CONFIG_PATH_value=
ac_cv_env_PKG_CONFIG_set=
ac_cv_env_PKG_CONFIG_value=
ac_cv_env_XMKMF_set=
ac_cv_env_XMKMF_value=
ac_cv_env_build_alias_set=
ac_cv_env_build_alias_value=
ac_cv_env_host_alias_set=
ac_cv_env_host_alias_value=
ac_cv_env_target_alias_set=
ac_cv_env_target_alias_value=
ac_cv_func__getpty=no
ac_cv_func_gethostname=yes
ac_cv_func_gettimeofday=yes
ac_cv_func_grantpt=yes
ac_cv_func_random=yes
ac_cv_func_setitimer=yes
ac_cv_func_setlocale=yes
ac_cv_func_usleep=yes
ac_cv_header_dirent_dirent_h=yes
ac_cv_header_fcntl_h=yes
ac_cv_header_inttypes_h=yes
ac_cv_header_memory_h=yes
ac_cv_header_stdc=yes
ac_cv_header_stddef_h=yes
ac_cv_header_stdint_h=yes
ac_cv_header_stdlib_h=yes
ac_cv_header_string_h=yes
ac_cv_header_strings_h=yes
ac_cv_header_stropts_h=no
ac_cv_header_sys_socket_h=yes
ac_cv_header_sys_stat_h=yes
ac_cv_header_sys_systeminfo_h=no
ac_cv_header_sys_time_h=yes
ac_cv_header_sys_types_h=yes
ac_cv_header_sys_wait_h=yes
ac_cv_header_time=yes
ac_cv_header_unistd_h=yes
ac_cv_host=x86_64-unknown-linux-gnu
ac_cv_lib_seq_getpseudotty=no
ac_cv_objext=o
ac_cv_path_AWKPATH=/usr/bin/awk
ac_cv_path_EGREP='/usr/bin/grep -E'
ac_cv_path_GMSGFMT=/usr/bin/msgfmt
ac_cv_path_GREP=/usr/bin/grep
ac_cv_path_MSGFMT=/usr/bin/msgfmt
ac_cv_path_MSGMERGE=/usr/bin/msgmerge
ac_cv_path_PERLPATH=/usr/bin/perl
ac_cv_path_XDG_DESKTOP_MENU=/usr/bin/xdg-desktop-menu
ac_cv_path_XDG_ICON_RESOURCE=/usr/bin/xdg-icon-resource
ac_cv_path_XDG_MIME=/usr/bin/xdg-mime
ac_cv_path_XGETTEXT=/usr/bin/xgettext
ac_cv_path_ac_pt_PKG_CONFIG=/usr/bin/pkg-config
ac_cv_path_install='/usr/bin/install -c'
ac_cv_path_mkdir=/usr/bin/mkdir
ac_cv_prog_AWK=mawk
ac_cv_prog_CPP='gcc -E'
ac_cv_prog_MINFO=makeinfo
ac_cv_prog_NROFF='nroff -man'
ac_cv_prog_PKGCONFIG=pkg-config
ac_cv_prog_ac_ct_CC=gcc
ac_cv_prog_cc_c89=
ac_cv_prog_cc_g=yes
ac_cv_prog_make_make_set=yes
ac_cv_search_opendir='none required'
ac_cv_search_strerror='none required'
ac_cv_type_signal=void
acl_cv_hardcode_direct=no
acl_cv_hardcode_libdir_flag_spec='${wl}-rpath ${wl}$libdir'
acl_cv_hardcode_libdir_separator=
acl_cv_hardcode_minus_L=no
acl_cv_libext=a
acl_cv_libname_spec='lib$name'
acl_cv_library_names_spec='$libname$shrext'
acl_cv_path_LD=/usr/bin/ld
acl_cv_prog_gnu_ld=yes
acl_cv_rpath=done
acl_cv_shlibext=so
acl_cv_wl=-Wl,
am_cv_CC_dependencies_compiler_type=gcc3
am_cv_make_support_nested_variables=yes
am_cv_prog_cc_c_o=yes
gt_cv_func_CFLocaleCopyCurrent=no
gt_cv_func_CFPreferencesCopyAppValue=no
gt_cv_func_gnugettext1_libc=yes
pkg_cv_CAIRO_CFLAGS='-I/usr/include/cairo -I/usr/include/glib-2.0 -I/usr/lib/x86_64-linux-gnu/glib-2.0/include -I/usr/include/pixman-1 -I/usr/include/freetype2 -I/usr/local/include/libpng12 -I/usr/include/pango-1.0 -I/usr/include/harfbuzz -I/usr/include/libmount -I/usr/include/blkid -I/usr/include/fribidi -I/usr/include/librsvg-2.0 -I/usr/include/gdk-pixbuf-2.0 -I/usr/include/x86_64-linux-gnu -pthread '
pkg_cv_CAIRO_LIBS='-lpangocairo-1.0 -lpango-1.0 -lharfbuzz -lrsvg-2 -lm -lgio-2.0 -lgdk_pixbuf-2.0 -lgobject-2.0 -lglib-2.0 -lcairo '
pkg_cv_GTK_CFLAGS='-I/usr/include/gtk-2.0 -I/usr/lib/x86_64-linux-gnu/gtk-2.0/include -I/usr/include/pango-1.0 -I/usr/include/glib-2.0 -I/usr/lib/x86_64-linux-gnu/glib-2.0/include -I/usr/include/harfbuzz -I/usr/include/freetype2 -I/usr/local/include/libpng12 -I/usr/include/libmount -I/usr/include/blkid -I/usr/include/fribidi -I/usr/include/cairo -I/usr/include/pixman-1 -I/usr/include/gdk-pixbuf-2.0 -I/usr/include/x86_64-linux-gnu -I/usr/include/atk-1.0 -pthread '
pkg_cv_GTK_LIBS='-lgtk-x11-2.0 -lgdk-x11-2.0 -lpangocairo-1.0 -latk-1.0 -lcairo -lgdk_pixbuf-2.0 -lgio-2.0 -lpangoft2-1.0 -lpango-1.0 -lgobject-2.0 -lharfbuzz -lfontconfig -lfreetype -Wl,--export-dynamic -lgmodule-2.0 -pthread -lglib-2.0 -lglib-2.0 '

## ----------------- ##
## Output variables. ##
## ----------------- ##

ACLOCAL='${SHELL} /home/am/scratch/Fairy-Stockfish/xboard-4.9.1/missing aclocal-1.15'
AMDEPBACKSLASH='\'
AMDEP_FALSE='#'
AMDEP_TRUE=''
AMTAR='$${TAR-tar}'
AM_BACKSLASH='\'
AM_DEFAULT_V='$(AM_DEFAULT_VERBOSITY)'
AM_DEFAULT_VERBOSITY='0'
AM_V='$(V)'
AUTOCONF='${SHELL} /home/am/scratch/Fairy-Stockfish/xboard-4.9.1/missing autoconf'
AUTOHEADER='${SHELL} /home/am/scratch/Fairy-Stockfish/xboard-4.9.1/missing autoheader'
AUTOMAKE='${SHELL} /home/am/scratch/Fairy-Stockfish/xboard-4.9.1/missing automake-1.15'
AWK='mawk'
AWKPATH='/usr/bin/awk'
CAIRO_CFLAGS='-I/usr/include/cairo -I/usr/include/glib-2.0 -I/usr/lib/x86_64-linux-gnu/glib-2.0/include -I/usr/include/pixman-1 -I/usr/include/freetype2 -I/usr/local/include/libpng12 -I/usr/include/pango-1.0 -I/usr/include/harfbuzz -I/usr/include/libmount -I/usr/include/blkid -I/usr/include/fribidi -I/usr/include/librsvg-2.0 -I/usr/include/gdk-pixbuf-2.0 -I/usr/include/x86_64-linux-gnu -pthread '
CAIRO_LIBS='-lpangocairo-1.0 -lpango-1.0 -lharfbuzz -lrsvg-2 -lm -lgio-2.0 -lgdk_pixbuf-2.0 -lgobject-2.0 -lglib-2.0 -lcairo '
CC='gcc'
CCDEPMODE='depmode=gcc3'
CFLAGS='  -Wall -Wno-parentheses'
CONFIGURE_OPTIONS='prefix=NONE; datarootdir=${prefix}/share; datadir=${datarootdir}; gamedatadir=$(datadir)/games/xboard; desktopdir=$(datadir)/applications; mimedir=$(datadir)/mime/packages; iconsdir=$(datadir)/icons/hicolor/48x48/apps; svgiconsdir=$(datadir)/icons/hicolor/scalable/apps; infodir=${datarootdir}/info; sysconfigdir=; update_mimedb=yes; NLS=yes; GTK=yes; Xaw3d=no; Xaw=no; ptys=pipes; zippy=no; sigint=yes'
CONF_CFLAGS=''
CONF_LDFLAGS=''
CPP='gcc -E'
CPPFLAGS=''
CYGPATH_W='echo'
DEFS='-DHAVE_CONFIG_H'
DEPDIR='.deps'
DESKTOPDIR='$(datadir)/applications'
ECHO_C=''
ECHO_N='-n'
ECHO_T=''
EGREP='/usr/bin/grep -E'
ENABLE_UPDATE_MIMEDB_FALSE='#'
ENABLE_UPDATE_MIMEDB_TRUE=''
EXEEXT=''
FRONTEND_CFLAGS='-I/usr/include/gtk-2.0 -I/usr/lib/x86_64-linux-gnu/gtk-2.0/include -I/usr/include/pango-1.0 -I/usr/include/glib-2.0 -I/usr/lib/x86_64-linux-gnu/glib-2.0/include -I/usr/include/harfbuzz -I/usr/include/freetype2 -I/usr/local/include/libpng12 -I/usr/include/libmount -I/usr/include/blkid -I/usr/include/fribidi -I/usr/include/cairo -I/usr/include/pixman-1 -I/usr/include/gdk-pixbuf-2.0 -I/usr/include/x86_64-linux-gnu -I/usr/include/atk-1.0 -pthread '
FRONTEND_LIBS='-lgtk-x11-2.0 -lgdk-x11-2.0 -lpangocairo-1.0 -latk-1.0 -lcairo -lgdk_pixbuf-2.0 -lgio-2.0 -lpangoft2-1.0 -lpango-1.0 -lgobject-2.0 -lharfbuzz -lfontconfig -lfreetype -Wl,--export-dynamic -lgmodule-2.0 -pthread -lglib-2.0 -lglib-2.0 '
GAMEDATADIR='$(datadir)/games/xboard'
GETTEXT_MACRO_VERSION='0.17'
GMSGFMT='/usr/bin/msgfmt'
GMSGFMT_015='/usr/bin/msgfmt'
GREP='/usr/bin/grep'
GTK_CFLAGS='-I/usr/include/gtk-2.0 -I/usr/lib/x86_64-linux-gnu/gtk-2.0/include -I/usr/include/pango-1.0 -I/usr/include/glib-2.0 -I/usr/lib/x86_64-linux-gnu/glib-2.0/include -I/usr/include/harfbuzz -I/usr/include/freetype2 -I/usr/local/include/libpng12 -I/usr/include/libmount -I/usr/include/blkid -I/usr/include/fribidi -I/usr/include/cairo -I/usr/include/pixman-1 -I/usr/include/gdk-pixbuf-2.0 -I/usr/include/x86_64-linux-gnu -I/usr/include/atk-1.0 -pthread '
GTK_LIBS='-lgtk-x11-2.0 -lgdk-x11-2.0 -lpangocairo-1.0 -latk-1.0 -lcairo -lgdk_pixbuf-2.0 -lgio-2.0 -lpangoft2-1.0 -lpango-1.0 -lgobject-2.0 -lharfbuzz -lfontconfig -lfreetype -Wl,--export-dynamic -lgmodule-2.0 -pthread -lglib-2.0 -lglib-2.0 '
ICONSDIR='$(datadir)/icons/hicolor/48x48/apps'
INSTALL_DATA='${INSTALL} -m 644'
INSTALL_PROGRAM='${INSTALL}'
INSTALL_SCRIPT='${INSTALL}'
INSTALL_STRIP_PROGRAM='$(install_sh) -c -s'
INTLLIBS=''
INTL_MACOSX_LIBS=''
LDFLAGS=''
LIBICONV='-liconv'
LIBINTL=''
LIBOBJS=''
LIBS=''
LTLIBICONV='-liconv'
LTLIBINTL=''
LTLIBOBJS=''
MAKEINFO='${SHELL} /home/am/scratch/Fairy-Stockfish/xboard-4.9.1/missing makeinfo'
MIMEDIR='$(datadir)/mime/packages'
MINFO='makeinfo'
MKDIR_P='/usr/bin/mkdir -p'
MSGFMT='/usr/bin/msgfmt'
MSGFMT_015='/usr/bin/msgfmt'
MSGMERGE='/usr/bin/msgmerge'
NLS_ENABLED_FALSE='#'
NLS_ENABLED_TRUE=''
NROFF='nroff -man'
NROFFFLAGS=''
OBJEXT='o'
OSX_APP_FALSE=''
OSX_APP_TRUE='#'
PACKAGE='xboard'
PACKAGE_BUGREPORT='bug-xboard@gnu.org'
PACKAGE_NAME='xboard'
PACKAGE_STRING='xboard 4.9.1'
PACKAGE_TARNAME='xboard'
PACKAGE_URL=''
PACKAGE_VERSION='4.9.1'
PATH_SEPARATOR=':'
PERLPATH='/usr/bin/perl'
PKGCONFIG='pkg-config'
PKG_CONFIG='/usr/bin/pkg-config'
PKG_CONFIG_LIBDIR=''
PKG_CONFIG_PATH=''
POST_XMULIB=''
POSUB='po'
PRE_XMULIB=''
RSH='rsh'
SET_MAKE=''
SHELL='/bin/bash'
STRIP=''
SVGICONSDIR='$(datadir)/icons/hicolor/scalable/apps'
SW_VERS=''
USE_NLS='yes'
VERSION='4.9.1'
XDG_DESKTOP_MENU='/usr/bin/xdg-desktop-menu'
XDG_ICON_RESOURCE='/usr/bin/xdg-icon-resource'
XDG_MIME='/usr/bin/xdg-mime'
XGETTEXT='/usr/bin/xgettext'
XGETTEXT_015='/usr/bin/xgettext'
XGETTEXT_EXTRA_OPTIONS=''
XMKMF=''
X_CFLAGS=''
X_EXTRA_LIBS=''
X_LIBS=''
X_PRE_LIBS=''
ZIPPY_FALSE=''
ZIPPY_TRUE='#'
ac_ct_CC='gcc'
am__EXEEXT_FALSE=''
am__EXEEXT_TRUE='#'
am__fastdepCC_FALSE='#'
am__fastdepCC_TRUE=''
am__include='include'
am__isrc=''
am__leading_dot='.'
am__nodep='_no'
am__quote=''
am__tar='$${TAR-tar} chof - "$$tardir"'
am__untar='$${TAR-tar} xf -'
bindir='${exec_prefix}/bin'
build='x86_64-unknown-linux-gnu'
build_alias=''
build_cpu='x86_64'
build_os='linux-gnu'
build_vendor='unknown'
datadir='${datarootdir}'
datarootdir='${prefix}/share'
docdir='${datarootdir}/doc/${PACKAGE_TARNAME}'
dvidir='${docdir}'
exec_prefix='${prefix}'
host='x86_64-unknown-linux-gnu'
host_alias=''
host_cpu='x86_64'
host_os='linux-gnu'
host_vendor='unknown'
htmldir='${docdir}'
includedir='${prefix}/include'
infodir='${datarootdir}/info'
install_sh='${SHELL} /home/am/scratch/Fairy-Stockfish/xboard-4.9.1/install-sh'
libdir='${exec_prefix}/lib'
libexecdir='${exec_prefix}/libexec'
localedir='${datarootdir}/locale'
localstatedir='${prefix}/var'
mandir='${datarootdir}/man'
mkdir_p='/usr/bin/mkdir -p'
oldincludedir='/usr/include'
pdfdir='${docdir}'
prefix='/usr/local'
program_transform_name='s,x,x,'
psdir='${docdir}'
sbindir='${exec_prefix}/sbin'
sharedstatedir='${prefix}/com'
sysconfdir='${prefix}/etc'
target_alias=''
withGTK_FALSE='#'
withGTK_TRUE=''
withXaw_FALSE=''
withXaw_TRUE='#'

## ----------- ##
## confdefs.h. ##
## ----------- ##

/* confdefs.h */
#define PACKAGE_NAME "xboard"
#define PACKAGE_TARNAME "xboard"
#define PACKAGE_VERSION "4.9.1"
#define PACKAGE_STRING "xboard 4.9.1"
#define PACKAGE_BUGREPORT "bug-xboard@gnu.org"
#define PACKAGE_URL ""
#define PACKAGE "xboard"
#define VERSION "4.9.1"
#define ENABLE_NLS 1
#define HAVE_GETTEXT 1
#define HAVE_DCGETTEXT 1
#define REMOTE_SHELL "rsh"
#define STDC_HEADERS 1
#define TIME_WITH_SYS_TIME 1
#define HAVE_SYS_WAIT_H 1
#define HAVE_DIRENT_H 1
#define RETSIGTYPE void
#define HAVE_SYS_TYPES_H 1
#define HAVE_SYS_STAT_H 1
#define HAVE_STDLIB_H 1
#define HAVE_STRING_H 1
#define HAVE_MEMORY_H 1
#define HAVE_STRINGS_H 1
#define HAVE_INTTYPES_H 1
#define HAVE_STDINT_H 1
#define HAVE_UNISTD_H 1
#define HAVE_SYS_TIME_H 1
#define HAVE_STRING_H 1
#define HAVE_UNISTD_H 1
#define HAVE_FCNTL_H 1
#define HAVE_SYS_SOCKET_H 1
#define HAVE_GRANTPT 1
#define HAVE_SETITIMER 1
#define HAVE_USLEEP 1
#define HAVE_GETTIMEOFDAY 1
#define HAVE_RANDOM 1
#define HAVE_GETHOSTNAME 1
#define USE_PTYS 0
#define ZIPPY 0
#define ATTENTION 1

configure: exit 0

## ---------------------- ##
## Running config.status. ##
## ---------------------- ##

This file was extended by xboard config.status 4.9.1, which was
generated by GNU Autoconf 2.69.  Invocation command line was

  CONFIG_FILES    = 
  CONFIG_HEADERS  = 
  CONFIG_LINKS    = 
  CONFIG_COMMANDS = 
  $ ./config.status 

on codomat

config.status:971: creating Makefile
config.status:971: creating cmail
config.status:971: creating po/Makefile.in
config.status:971: creating osxapp/Info.plist
config.status:971: creating config.h
config.status:1152: config.h is unchanged
config.status:1200: executing depfiles commands
config.status:1200: executing po-directories commands
config.status:1200: executing test-stamp-h commands
config.status:1200: executing chmod-cmail commands
